#
# There is insufficient memory for the Java Runtime Environment to continue.
# Native memory allocation (mmap) failed to map 132120576 bytes for G1 virtual space
# Possible reasons:
#   The system is out of physical RAM or swap space
#   The process is running with CompressedOops enabled, and the Java Heap may be blocking the growth of the native heap
# Possible solutions:
#   Reduce memory load on the system
#   Increase physical memory or swap space
#   Check if swap backing store is full
#   Decrease Java heap size (-Xmx/-Xms)
#   Decrease number of Java threads
#   Decrease Java thread stack sizes (-Xss)
#   Set larger code cache with -XX:ReservedCodeCacheSize=
#   JVM is running with Unscaled Compressed Oops mode in which the Java heap is
#     placed in the first 4GB address space. The Java Heap base address is the
#     maximum limit for the native heap growth. Please use -XX:HeapBaseMinAddress
#     to set the Java Heap base and to place the Java Heap above 4GB virtual address.
# This output file may be truncated or incomplete.
#
#  Out of Memory Error (os_windows.cpp:3530), pid=3584, tid=11368
#
# JRE version:  (18.0.2+9) (build )
# Java VM: OpenJDK 64-Bit Server VM (18.0.2+9-FR, mixed mode, sharing, tiered, compressed oops, compressed class ptrs, g1 gc, windows-amd64)
# No core dump will be written. Minidumps are not enabled by default on client versions of Windows
#

---------------  S U M M A R Y ------------

Command Line: org.jetbrains.kotlin.cli.jvm.K2JVMCompiler @C:\Users\Dell\IdeaProjects\LIS_BIKE\build\20230504_8675124289085339422.compiler.options

Host: Intel(R) Core(TM) i7-5600U CPU @ 2.60GHz, 4 cores, 7G,  Windows 10 , 64 bit Build 19041 (10.0.19041.2788)
Time: Thu May  4 21:24:58 2023 Central Europe Daylight Time elapsed time: 0.023985 seconds (0d 0h 0m 0s)

---------------  T H R E A D  ---------------

Current thread (0x000001d255449f50):  JavaThread "Unknown thread" [_thread_in_vm, id=11368, stack(0x00000093e1600000,0x00000093e1700000)]

Stack: [0x00000093e1600000,0x00000093e1700000]
Native frames: (J=compiled Java code, j=interpreted, Vv=VM code, C=native code)
V  [jvm.dll+0x685a2a]
V  [jvm.dll+0x82ae8d]
V  [jvm.dll+0x82c75e]
V  [jvm.dll+0x82ce03]
V  [jvm.dll+0x25ef4b]
V  [jvm.dll+0x6828ca]
V  [jvm.dll+0x67745a]
V  [jvm.dll+0x3243f9]
V  [jvm.dll+0x32ba86]
V  [jvm.dll+0x37e00a]
V  [jvm.dll+0x37e24f]
V  [jvm.dll+0x2fb50a]
V  [jvm.dll+0x2fc581]
V  [jvm.dll+0x7fb300]
V  [jvm.dll+0x38af71]
V  [jvm.dll+0x7dab95]
V  [jvm.dll+0x4058f3]
V  [jvm.dll+0x4072b1]
C  [jli.dll+0x519f]
C  [ucrtbase.dll+0x21bb2]
C  [KERNEL32.DLL+0x17604]
C  [ntdll.dll+0x526a1]


---------------  P R O C E S S  ---------------

Threads class SMR info:
_java_thread_list=0x00007ff832c79610, length=0, elements={
}

Java Threads: ( => current thread )

Other Threads:
  0x000001d2554a7660 WorkerThread "GC Thread#0" [stack: 0x00000093e1700000,0x00000093e1800000] [id=7028]
  0x000001d2554b99e0 ConcurrentGCThread "G1 Main Marker" [stack: 0x00000093e1800000,0x00000093e1900000] [id=15392]
  0x000001d2554ba3d0 WorkerThread "G1 Conc#0" [stack: 0x00000093e1900000,0x00000093e1a00000] [id=10100]

[error occurred during error reporting (printing all threads), id 0xc0000005, EXCEPTION_ACCESS_VIOLATION (0xc0000005) at pc=0x00007ff83244c5c7]

VM state: not at safepoint (not fully initialized)

VM Mutex/Monitor currently owned by a thread:  ([mutex/lock_event])
[0x000001d255447300] Heap_lock - owner thread: 0x000001d255449f50

Heap address: 0x0000000082000000, size: 2016 MB, Compressed Oops mode: 32-bit

CDS archive(s) mapped at: [0x0000000000000000-0x0000000000000000-0x0000000000000000), size 0, SharedBaseAddress: 0x0000000800000000, ArchiveRelocationMode: 0.
Narrow klass base: 0x0000000000000000, Narrow klass shift: 0, Narrow klass range: 0x0

GC Precious Log:
 CardTable entry size: 512
 Card Set container configuration: InlinePtr #cards 5 size 8 Array Of Cards #cards 12 size 40 Howl #buckets 4 coarsen threshold 1843 Howl Bitmap #cards 512 size 80 coarsen threshold 460 Card regions per heap region 1 cards per card region 2048

Heap:
 garbage-first heap   total 0K, used 0K [0x0000000082000000, 0x0000000100000000)
  region size 1024K, 0 young (0K), 0 survivors (0K)

[error occurred during error reporting (printing heap information), id 0xc0000005, EXCEPTION_ACCESS_VIOLATION (0xc0000005) at pc=0x00007ff83281d5a9]

GC Heap History (0 events):
No events

Deoptimization events (0 events):
No events

Classes loaded (0 events):
No events

Classes unloaded (0 events):
No events

Classes redefined (0 events):
No events

Internal exceptions (0 events):
No events

VM Operations (0 events):
No events

Events (1 events):
Event: 0.015 Loaded shared library C:\Users\Dell\.jdks\corretto-18.0.2\bin\java.dll


Dynamic libraries:
0x00007ff6ac210000 - 0x00007ff6ac21d000 	C:\Users\Dell\.jdks\corretto-18.0.2\bin\java.exe
0x00007ff8b94f0000 - 0x00007ff8b96e8000 	C:\Windows\SYSTEM32\ntdll.dll
0x00007ff8b7a60000 - 0x00007ff8b7b1f000 	C:\Windows\System32\KERNEL32.DLL
0x00007ff8b6c50000 - 0x00007ff8b6f2a000 	C:\Windows\System32\KERNELBASE.dll
0x00007ff8b71b0000 - 0x00007ff8b72b0000 	C:\Windows\System32\ucrtbase.dll
0x00007ff8a0050000 - 0x00007ff8a0065000 	C:\Users\Dell\.jdks\corretto-18.0.2\bin\VCRUNTIME140.dll
0x00007ff8b1160000 - 0x00007ff8b1177000 	C:\Users\Dell\.jdks\corretto-18.0.2\bin\jli.dll
0x00007ff8b7860000 - 0x00007ff8b79fd000 	C:\Windows\System32\USER32.dll
0x00007ff8a18a0000 - 0x00007ff8a1b3a000 	C:\Windows\WinSxS\amd64_microsoft.windows.common-controls_6595b64144ccf1df_6.0.19041.1110_none_60b5254171f9507e\COMCTL32.dll
0x00007ff8b7520000 - 0x00007ff8b7542000 	C:\Windows\System32\win32u.dll
0x00007ff8b7580000 - 0x00007ff8b761e000 	C:\Windows\System32\msvcrt.dll
0x00007ff8b7550000 - 0x00007ff8b757b000 	C:\Windows\System32\GDI32.dll
0x00007ff8b7410000 - 0x00007ff8b7520000 	C:\Windows\System32\gdi32full.dll
0x00007ff8b6fa0000 - 0x00007ff8b703d000 	C:\Windows\System32\msvcp_win.dll
0x00007ff8b8090000 - 0x00007ff8b80c0000 	C:\Windows\System32\IMM32.DLL
0x00007ff883d40000 - 0x00007ff883ddb000 	C:\Users\Dell\.jdks\corretto-18.0.2\bin\msvcp140.dll
0x00007ff832140000 - 0x00007ff832db1000 	C:\Users\Dell\.jdks\corretto-18.0.2\bin\server\jvm.dll
0x00007ff8b7f00000 - 0x00007ff8b7fae000 	C:\Windows\System32\ADVAPI32.dll
0x00007ff8b7620000 - 0x00007ff8b76bc000 	C:\Windows\System32\sechost.dll
0x00007ff8b76c0000 - 0x00007ff8b77e6000 	C:\Windows\System32\RPCRT4.dll
0x00007ff8b8bb0000 - 0x00007ff8b8bb8000 	C:\Windows\System32\PSAPI.DLL
0x00007ff8a8200000 - 0x00007ff8a8209000 	C:\Windows\SYSTEM32\WSOCK32.dll
0x00007ff89e390000 - 0x00007ff89e3b7000 	C:\Windows\SYSTEM32\WINMM.dll
0x00007ff8b8ce0000 - 0x00007ff8b8d4b000 	C:\Windows\System32\WS2_32.dll
0x00007ff8b2050000 - 0x00007ff8b205a000 	C:\Windows\SYSTEM32\VERSION.dll
0x00007ff8b4c60000 - 0x00007ff8b4c72000 	C:\Windows\SYSTEM32\kernel.appcore.dll
0x00007ff8b2320000 - 0x00007ff8b232a000 	C:\Users\Dell\.jdks\corretto-18.0.2\bin\jimage.dll
0x00007ff8b4150000 - 0x00007ff8b4334000 	C:\Windows\SYSTEM32\DBGHELP.DLL
0x00007ff8a5e20000 - 0x00007ff8a5e54000 	C:\Windows\SYSTEM32\dbgcore.DLL
0x00007ff8b7040000 - 0x00007ff8b70c2000 	C:\Windows\System32\bcryptPrimitives.dll
0x00007ff8a0020000 - 0x00007ff8a0045000 	C:\Users\Dell\.jdks\corretto-18.0.2\bin\java.dll

dbghelp: loaded successfully - version: 4.0.5 - missing functions: none
symbol engine: initialized successfully - sym options: 0x614 - pdb path: .;C:\Users\Dell\.jdks\corretto-18.0.2\bin;C:\Windows\SYSTEM32;C:\Windows\WinSxS\amd64_microsoft.windows.common-controls_6595b64144ccf1df_6.0.19041.1110_none_60b5254171f9507e;C:\Users\Dell\.jdks\corretto-18.0.2\bin\server

VM Arguments:
java_command: org.jetbrains.kotlin.cli.jvm.K2JVMCompiler @C:\Users\Dell\IdeaProjects\LIS_BIKE\build\20230504_8675124289085339422.compiler.options
java_class_path (initial): C:\Users\Dell\.gradle\caches\modules-2\files-2.1\org.jetbrains.kotlin\kotlin-compiler-embeddable\1.7.20\8db18559a581dd2c36ddfd5046af145650f5b126\kotlin-compiler-embeddable-1.7.20.jar;C:\Users\Dell\.gradle\caches\modules-2\files-2.1\org.jetbrains.kotlin\kotlin-reflect\1.7.20\12b2501e33bb6373e8e347c86d85481863629381\kotlin-reflect-1.7.20.jar;C:\Users\Dell\.gradle\caches\modules-2\files-2.1\org.jetbrains.kotlin\kotlin-stdlib\1.7.20\726594ea9ba2beb2ee113647fefa9a10f9fabe52\kotlin-stdlib-1.7.20.jar;C:\Users\Dell\.gradle\caches\modules-2\files-2.1\org.jetbrains.kotlin\kotlin-script-runtime\1.7.20\bcd1cc6f865e632550357fcc59f5ffd532615a8\kotlin-script-runtime-1.7.20.jar;C:\Users\Dell\.gradle\caches\modules-2\files-2.1\org.jetbrains.kotlin\kotlin-daemon-embeddable\1.7.20\1e24355adad8d529d75d5b19eab55484057431ba\kotlin-daemon-embeddable-1.7.20.jar;C:\Users\Dell\.gradle\caches\modules-2\files-2.1\org.jetbrains.intellij.deps\trove4j\1.0.20200330\3afb14d5f9ceb459d724e907a21145e8ff394f02\trove4j-1.0.20200330.jar;C:\Users\Dell\.gradle\caches\modules-2\files-2.1\net.java.dev.jna\jna\5.6.0\330f2244e9030119ab3030fc3fededc86713d9cc\jna-5.6.0.jar;C:\Users\Dell\.gradle\caches\modules-2\files-2.1\org.jetbrains.kotlin\kotlin-stdlib-common\1.7.20\e15351bdaf9fa06f009be5da7a202e4184f00ae3\kotlin-stdlib-common-1.7.20.jar;C:\Users\Dell\.gradle\caches\modules-2\files-2.1\org.jetbrains\annotations\13.0\919f0dfe192fb4e063e7dacadee7f8bb9a2672a9\annotations-13.0.jar
Launcher Type: SUN_STANDARD

[Global flags]
     intx CICompilerCount                          = 3                                         {product} {ergonomic}
     uint ConcGCThreads                            = 1                                         {product} {ergonomic}
     uint G1ConcRefinementThreads                  = 4                                         {product} {ergonomic}
   size_t G1HeapRegionSize                         = 1048576                                   {product} {ergonomic}
    uintx GCDrainStackTargetSize                   = 64                                        {product} {ergonomic}
   size_t InitialHeapSize                          = 132120576                                 {product} {ergonomic}
   size_t MarkStackSize                            = 4194304                                   {product} {ergonomic}
   size_t MaxHeapSize                              = 2113929216                                {product} {ergonomic}
   size_t MinHeapDeltaBytes                        = 1048576                                   {product} {ergonomic}
   size_t MinHeapSize                              = 8388608                                   {product} {ergonomic}
    uintx NonNMethodCodeHeapSize                   = 5832780                                {pd product} {ergonomic}
    uintx NonProfiledCodeHeapSize                  = 122912730                              {pd product} {ergonomic}
    uintx ProfiledCodeHeapSize                     = 122912730                              {pd product} {ergonomic}
    uintx ReservedCodeCacheSize                    = 251658240                              {pd product} {ergonomic}
     bool SegmentedCodeCache                       = true                                      {product} {ergonomic}
   size_t SoftMaxHeapSize                          = 2113929216                             {manageable} {ergonomic}
     bool UseCompressedClassPointers               = true                           {product lp64_product} {ergonomic}
     bool UseCompressedOops                        = true                           {product lp64_product} {ergonomic}
     bool UseG1GC                                  = true                                      {product} {ergonomic}
     bool UseLargePagesIndividualAllocation        = false                                  {pd product} {ergonomic}

Logging:
Log output configuration:
 #0: stdout all=warning uptime,level,tags foldmultilines=false
 #1: stderr all=off uptime,level,tags foldmultilines=false

Environment Variables:
PATH=C:\Python311\Scripts\;C:\Python311\;C:\Program Files (x86)\Common Files\Oracle\Java\javapath;C:\Windows\system32;C:\Windows;C:\Windows\System32\Wbem;C:\Windows\System32\WindowsPowerShell\v1.0\;C:\Windows\System32\OpenSSH\;C:\Program Files\TortoiseGit\bin;C:\Program Files\dotnet\;C:\Program Files\Git\cmd;C:\ProgramData\chocolatey\bin;C:\Program Files\Docker\Docker\resources\bin;C:\Program Files\nodejs\;C:\Users\Dell\AppData\Local\Microsoft\WindowsApps;C:\Users\Dell\AppData\Local\Programs\Microsoft VS Code\bin;C:\Users\Dell\.dotnet\tools;C:\Users\Dell\AppData\Roaming\npm
USERNAME=Dell
OS=Windows_NT
PROCESSOR_IDENTIFIER=Intel64 Family 6 Model 61 Stepping 4, GenuineIntel



---------------  S Y S T E M  ---------------

OS:
 Windows 10 , 64 bit Build 19041 (10.0.19041.2788)
OS uptime: 0 days 8:45 hours
Hyper-V role detected

CPU: total 4 (initial active 4) (2 cores per cpu, 2 threads per core) family 6 model 61 stepping 4 microcode 0x2f, cx8, cmov, fxsr, ht, mmx, 3dnowpref, sse, sse2, sse3, ssse3, sse4.1, sse4.2, popcnt, lzcnt, tsc, tscinvbit, avx, avx2, aes, erms, clmul, bmi1, bmi2, rtm, adx, fma, vzeroupper, clflush, hv

Memory: 4k page, system-wide physical 8062M (372M free)
TotalPageFile size 17128M (AvailPageFile size 124M)
current process WorkingSet (physical memory assigned to process): 10M, peak: 11M
current process commit charge ("private bytes"): 52M, peak: 177M

vm_info: OpenJDK 64-Bit Server VM (18.0.2+9-FR) for windows-amd64 JRE (18.0.2+9-FR), built on Jul 15 2022 20:03:03 by "Administrator" with MS VC++ 15.9 (VS2017)

END.
